There is the error log file : 
2019/1/5  18:34:22 => 127.0.0.1 => POST http://127.0.0.1:8000/user/islogged.phjs CODE 500 ; Mozilla/5.0 (X11; Ubuntu; Linux x86_64; rv:64.0) Gecko/20100101 Firefox/64.0 
Execution error when process '/root/projects/node+react/backend/user/islogged.phjs' : 
TypeError: PHJS.libs.isConnect is not a function
    at Object.start (<anonymous>:8:17)
    at ProcessPage (/media/windows/bts/2/dev/projects/node+react/master/PHjs/PHjs/lib/main.js:1013:10)
    at lauchphjs (/media/windows/bts/2/dev/projects/node+react/master/PHjs/PHjs/lib/main.js:857:4)
    at /media/windows/bts/2/dev/projects/node+react/master/PHjs/PHjs/lib/main.js:301:6
    at IncomingForm.<anonymous> (/media/windows/bts/2/dev/projects/node+react/master/PHjs/PHjs/node_modules/formidable/lib/incoming_form.js:107:9)
    at IncomingForm.emit (events.js:189:13)
    at IncomingForm._maybeEnd (/media/windows/bts/2/dev/projects/node+react/master/PHjs/PHjs/node_modules/formidable/lib/incoming_form.js:557:8)
    at QuerystringParser.parser.onEnd (/media/windows/bts/2/dev/projects/node+react/master/PHjs/PHjs/node_modules/formidable/lib/incoming_form.js:458:10)
    at QuerystringParser.end (/media/windows/bts/2/dev/projects/node+react/master/PHjs/PHjs/node_modules/formidable/lib/querystring_parser.js:25:8)
    at IncomingMessage.<anonymous> (/media/windows/bts/2/dev/projects/node+react/master/PHjs/PHjs/node_modules/formidable/lib/incoming_form.js:132:30)
2019/1/5  18:34:28 => 127.0.0.1 => POST http://127.0.0.1:8000/user/islogged.phjs CODE 500 ; Mozilla/5.0 (X11; Ubuntu; Linux x86_64; rv:64.0) Gecko/20100101 Firefox/64.0 
Execution error when process '/root/projects/node+react/backend/user/islogged.phjs' : 
TypeError: PHJS.libs.isConnect is not a function
    at Object.start (<anonymous>:8:17)
    at ProcessPage (/media/windows/bts/2/dev/projects/node+react/master/PHjs/PHjs/lib/main.js:1013:10)
    at lauchphjs (/media/windows/bts/2/dev/projects/node+react/master/PHjs/PHjs/lib/main.js:857:4)
    at /media/windows/bts/2/dev/projects/node+react/master/PHjs/PHjs/lib/main.js:301:6
    at IncomingForm.<anonymous> (/media/windows/bts/2/dev/projects/node+react/master/PHjs/PHjs/node_modules/formidable/lib/incoming_form.js:107:9)
    at IncomingForm.emit (events.js:189:13)
    at IncomingForm._maybeEnd (/media/windows/bts/2/dev/projects/node+react/master/PHjs/PHjs/node_modules/formidable/lib/incoming_form.js:557:8)
    at QuerystringParser.parser.onEnd (/media/windows/bts/2/dev/projects/node+react/master/PHjs/PHjs/node_modules/formidable/lib/incoming_form.js:458:10)
    at QuerystringParser.end (/media/windows/bts/2/dev/projects/node+react/master/PHjs/PHjs/node_modules/formidable/lib/querystring_parser.js:25:8)
    at IncomingMessage.<anonymous> (/media/windows/bts/2/dev/projects/node+react/master/PHjs/PHjs/node_modules/formidable/lib/incoming_form.js:132:30)
2019/1/5  18:35:21 => 127.0.0.1 => POST http://127.0.0.1:8000/user/islogged.phjs CODE 500 ; Mozilla/5.0 (X11; Ubuntu; Linux x86_64; rv:64.0) Gecko/20100101 Firefox/64.0 
Execution error when process '/root/projects/node+react/backend/user/islogged.phjs' : 
TypeError: PHJS.libs.isConnect is not a function
    at Object.start (<anonymous>:8:17)
    at ProcessPage (/media/windows/bts/2/dev/projects/node+react/master/PHjs/PHjs/lib/main.js:1013:10)
    at lauchphjs (/media/windows/bts/2/dev/projects/node+react/master/PHjs/PHjs/lib/main.js:857:4)
    at /media/windows/bts/2/dev/projects/node+react/master/PHjs/PHjs/lib/main.js:301:6
    at IncomingForm.<anonymous> (/media/windows/bts/2/dev/projects/node+react/master/PHjs/PHjs/node_modules/formidable/lib/incoming_form.js:107:9)
    at IncomingForm.emit (events.js:189:13)
    at IncomingForm._maybeEnd (/media/windows/bts/2/dev/projects/node+react/master/PHjs/PHjs/node_modules/formidable/lib/incoming_form.js:557:8)
    at QuerystringParser.parser.onEnd (/media/windows/bts/2/dev/projects/node+react/master/PHjs/PHjs/node_modules/formidable/lib/incoming_form.js:458:10)
    at QuerystringParser.end (/media/windows/bts/2/dev/projects/node+react/master/PHjs/PHjs/node_modules/formidable/lib/querystring_parser.js:25:8)
    at IncomingMessage.<anonymous> (/media/windows/bts/2/dev/projects/node+react/master/PHjs/PHjs/node_modules/formidable/lib/incoming_form.js:132:30)
2019/1/5  18:35:26 => 127.0.0.1 => POST http://127.0.0.1:8000/user/islogged.phjs CODE 500 ; Mozilla/5.0 (X11; Ubuntu; Linux x86_64; rv:64.0) Gecko/20100101 Firefox/64.0 
Execution error when process '/root/projects/node+react/backend/user/islogged.phjs' : 
TypeError: PHJS.libs.isConnect is not a function
    at Object.start (<anonymous>:8:17)
    at ProcessPage (/media/windows/bts/2/dev/projects/node+react/master/PHjs/PHjs/lib/main.js:1013:10)
    at lauchphjs (/media/windows/bts/2/dev/projects/node+react/master/PHjs/PHjs/lib/main.js:857:4)
    at /media/windows/bts/2/dev/projects/node+react/master/PHjs/PHjs/lib/main.js:301:6
    at IncomingForm.<anonymous> (/media/windows/bts/2/dev/projects/node+react/master/PHjs/PHjs/node_modules/formidable/lib/incoming_form.js:107:9)
    at IncomingForm.emit (events.js:189:13)
    at IncomingForm._maybeEnd (/media/windows/bts/2/dev/projects/node+react/master/PHjs/PHjs/node_modules/formidable/lib/incoming_form.js:557:8)
    at QuerystringParser.parser.onEnd (/media/windows/bts/2/dev/projects/node+react/master/PHjs/PHjs/node_modules/formidable/lib/incoming_form.js:458:10)
    at QuerystringParser.end (/media/windows/bts/2/dev/projects/node+react/master/PHjs/PHjs/node_modules/formidable/lib/querystring_parser.js:25:8)
    at IncomingMessage.<anonymous> (/media/windows/bts/2/dev/projects/node+react/master/PHjs/PHjs/node_modules/formidable/lib/incoming_form.js:132:30)
2019/1/5  18:35:28 => 127.0.0.1 => POST http://127.0.0.1:8000/user/islogged.phjs CODE 500 ; Mozilla/5.0 (X11; Ubuntu; Linux x86_64; rv:64.0) Gecko/20100101 Firefox/64.0 
Execution error when process '/root/projects/node+react/backend/user/islogged.phjs' : 
TypeError: PHJS.libs.isConnect is not a function
    at Object.start (<anonymous>:8:17)
    at ProcessPage (/media/windows/bts/2/dev/projects/node+react/master/PHjs/PHjs/lib/main.js:1013:10)
    at lauchphjs (/media/windows/bts/2/dev/projects/node+react/master/PHjs/PHjs/lib/main.js:857:4)
    at /media/windows/bts/2/dev/projects/node+react/master/PHjs/PHjs/lib/main.js:301:6
    at IncomingForm.<anonymous> (/media/windows/bts/2/dev/projects/node+react/master/PHjs/PHjs/node_modules/formidable/lib/incoming_form.js:107:9)
    at IncomingForm.emit (events.js:189:13)
    at IncomingForm._maybeEnd (/media/windows/bts/2/dev/projects/node+react/master/PHjs/PHjs/node_modules/formidable/lib/incoming_form.js:557:8)
    at QuerystringParser.parser.onEnd (/media/windows/bts/2/dev/projects/node+react/master/PHjs/PHjs/node_modules/formidable/lib/incoming_form.js:458:10)
    at QuerystringParser.end (/media/windows/bts/2/dev/projects/node+react/master/PHjs/PHjs/node_modules/formidable/lib/querystring_parser.js:25:8)
    at IncomingMessage.<anonymous> (/media/windows/bts/2/dev/projects/node+react/master/PHjs/PHjs/node_modules/formidable/lib/incoming_form.js:132:30)
2019/1/5  18:35:43 => 127.0.0.1 => POST http://127.0.0.1:8000/user/islogged.phjs CODE 500 ; Mozilla/5.0 (X11; Ubuntu; Linux x86_64; rv:64.0) Gecko/20100101 Firefox/64.0 
Execution error when process '/root/projects/node+react/backend/user/islogged.phjs' : 
TypeError: PHJS.libs.isConnect is not a function
    at Object.start (<anonymous>:8:17)
    at ProcessPage (/media/windows/bts/2/dev/projects/node+react/master/PHjs/PHjs/lib/main.js:1013:10)
    at lauchphjs (/media/windows/bts/2/dev/projects/node+react/master/PHjs/PHjs/lib/main.js:857:4)
    at /media/windows/bts/2/dev/projects/node+react/master/PHjs/PHjs/lib/main.js:301:6
    at IncomingForm.<anonymous> (/media/windows/bts/2/dev/projects/node+react/master/PHjs/PHjs/node_modules/formidable/lib/incoming_form.js:107:9)
    at IncomingForm.emit (events.js:189:13)
    at IncomingForm._maybeEnd (/media/windows/bts/2/dev/projects/node+react/master/PHjs/PHjs/node_modules/formidable/lib/incoming_form.js:557:8)
    at QuerystringParser.parser.onEnd (/media/windows/bts/2/dev/projects/node+react/master/PHjs/PHjs/node_modules/formidable/lib/incoming_form.js:458:10)
    at QuerystringParser.end (/media/windows/bts/2/dev/projects/node+react/master/PHjs/PHjs/node_modules/formidable/lib/querystring_parser.js:25:8)
    at IncomingMessage.<anonymous> (/media/windows/bts/2/dev/projects/node+react/master/PHjs/PHjs/node_modules/formidable/lib/incoming_form.js:132:30)
2019/1/5  18:35:55 => 127.0.0.1 => POST http://127.0.0.1:8000/user/islogged.phjs CODE 500 ; Mozilla/5.0 (X11; Ubuntu; Linux x86_64; rv:64.0) Gecko/20100101 Firefox/64.0 
Execution error when process '/root/projects/node+react/backend/user/islogged.phjs' : 
TypeError: PHJS.libs.isConnect is not a function
    at Object.start (<anonymous>:8:17)
    at ProcessPage (/media/windows/bts/2/dev/projects/node+react/master/PHjs/PHjs/lib/main.js:1013:10)
    at lauchphjs (/media/windows/bts/2/dev/projects/node+react/master/PHjs/PHjs/lib/main.js:857:4)
    at /media/windows/bts/2/dev/projects/node+react/master/PHjs/PHjs/lib/main.js:301:6
    at IncomingForm.<anonymous> (/media/windows/bts/2/dev/projects/node+react/master/PHjs/PHjs/node_modules/formidable/lib/incoming_form.js:107:9)
    at IncomingForm.emit (events.js:189:13)
    at IncomingForm._maybeEnd (/media/windows/bts/2/dev/projects/node+react/master/PHjs/PHjs/node_modules/formidable/lib/incoming_form.js:557:8)
    at QuerystringParser.parser.onEnd (/media/windows/bts/2/dev/projects/node+react/master/PHjs/PHjs/node_modules/formidable/lib/incoming_form.js:458:10)
    at QuerystringParser.end (/media/windows/bts/2/dev/projects/node+react/master/PHjs/PHjs/node_modules/formidable/lib/querystring_parser.js:25:8)
    at IncomingMessage.<anonymous> (/media/windows/bts/2/dev/projects/node+react/master/PHjs/PHjs/node_modules/formidable/lib/incoming_form.js:132:30)
2019/1/5  18:36:27 => 127.0.0.1 => POST http://127.0.0.1:8000/user/islogged.phjs CODE 500 ; Mozilla/5.0 (X11; Ubuntu; Linux x86_64; rv:64.0) Gecko/20100101 Firefox/64.0 
Execution error when process '/root/projects/node+react/backend/user/islogged.phjs' : 
TypeError: PHJS.libs.isConnect is not a function
    at Object.start (<anonymous>:8:17)
    at ProcessPage (/media/windows/bts/2/dev/projects/node+react/master/PHjs/PHjs/lib/main.js:1013:10)
    at lauchphjs (/media/windows/bts/2/dev/projects/node+react/master/PHjs/PHjs/lib/main.js:857:4)
    at /media/windows/bts/2/dev/projects/node+react/master/PHjs/PHjs/lib/main.js:301:6
    at IncomingForm.<anonymous> (/media/windows/bts/2/dev/projects/node+react/master/PHjs/PHjs/node_modules/formidable/lib/incoming_form.js:107:9)
    at IncomingForm.emit (events.js:189:13)
    at IncomingForm._maybeEnd (/media/windows/bts/2/dev/projects/node+react/master/PHjs/PHjs/node_modules/formidable/lib/incoming_form.js:557:8)
    at QuerystringParser.parser.onEnd (/media/windows/bts/2/dev/projects/node+react/master/PHjs/PHjs/node_modules/formidable/lib/incoming_form.js:458:10)
    at QuerystringParser.end (/media/windows/bts/2/dev/projects/node+react/master/PHjs/PHjs/node_modules/formidable/lib/querystring_parser.js:25:8)
    at IncomingMessage.<anonymous> (/media/windows/bts/2/dev/projects/node+react/master/PHjs/PHjs/node_modules/formidable/lib/incoming_form.js:132:30)
2019/1/5  18:41:6 => 127.0.0.1 => POST http://127.0.0.1:8000/user/islogged.phjs CODE 500 ; Mozilla/5.0 (X11; Ubuntu; Linux x86_64; rv:64.0) Gecko/20100101 Firefox/64.0 
Execution error when process '/root/projects/node+react/backend/user/islogged.phjs' : 
TypeError: PHJS.libs.isConnect is not a function
    at Object.start (<anonymous>:8:17)
    at ProcessPage (/media/windows/bts/2/dev/projects/node+react/master/PHjs/PHjs/lib/main.js:1013:10)
    at lauchphjs (/media/windows/bts/2/dev/projects/node+react/master/PHjs/PHjs/lib/main.js:857:4)
    at /media/windows/bts/2/dev/projects/node+react/master/PHjs/PHjs/lib/main.js:301:6
    at IncomingForm.<anonymous> (/media/windows/bts/2/dev/projects/node+react/master/PHjs/PHjs/node_modules/formidable/lib/incoming_form.js:107:9)
    at IncomingForm.emit (events.js:189:13)
    at IncomingForm._maybeEnd (/media/windows/bts/2/dev/projects/node+react/master/PHjs/PHjs/node_modules/formidable/lib/incoming_form.js:557:8)
    at QuerystringParser.parser.onEnd (/media/windows/bts/2/dev/projects/node+react/master/PHjs/PHjs/node_modules/formidable/lib/incoming_form.js:458:10)
    at QuerystringParser.end (/media/windows/bts/2/dev/projects/node+react/master/PHjs/PHjs/node_modules/formidable/lib/querystring_parser.js:25:8)
    at IncomingMessage.<anonymous> (/media/windows/bts/2/dev/projects/node+react/master/PHjs/PHjs/node_modules/formidable/lib/incoming_form.js:132:30)
2019/1/5  18:41:9 => 127.0.0.1 => POST http://127.0.0.1:8000/user/islogged.phjs CODE 500 ; Mozilla/5.0 (X11; Ubuntu; Linux x86_64; rv:64.0) Gecko/20100101 Firefox/64.0 
Execution error when process '/root/projects/node+react/backend/user/islogged.phjs' : 
TypeError: PHJS.libs.isConnect is not a function
    at Object.start (<anonymous>:8:17)
    at ProcessPage (/media/windows/bts/2/dev/projects/node+react/master/PHjs/PHjs/lib/main.js:1013:10)
    at lauchphjs (/media/windows/bts/2/dev/projects/node+react/master/PHjs/PHjs/lib/main.js:857:4)
    at /media/windows/bts/2/dev/projects/node+react/master/PHjs/PHjs/lib/main.js:301:6
    at IncomingForm.<anonymous> (/media/windows/bts/2/dev/projects/node+react/master/PHjs/PHjs/node_modules/formidable/lib/incoming_form.js:107:9)
    at IncomingForm.emit (events.js:189:13)
    at IncomingForm._maybeEnd (/media/windows/bts/2/dev/projects/node+react/master/PHjs/PHjs/node_modules/formidable/lib/incoming_form.js:557:8)
    at QuerystringParser.parser.onEnd (/media/windows/bts/2/dev/projects/node+react/master/PHjs/PHjs/node_modules/formidable/lib/incoming_form.js:458:10)
    at QuerystringParser.end (/media/windows/bts/2/dev/projects/node+react/master/PHjs/PHjs/node_modules/formidable/lib/querystring_parser.js:25:8)
    at IncomingMessage.<anonymous> (/media/windows/bts/2/dev/projects/node+react/master/PHjs/PHjs/node_modules/formidable/lib/incoming_form.js:132:30)
2019/1/5  18:41:19 => 127.0.0.1 => POST http://127.0.0.1:8000/user/islogged.phjs CODE 500 ; Mozilla/5.0 (X11; Ubuntu; Linux x86_64; rv:64.0) Gecko/20100101 Firefox/64.0 
Execution error when process '/root/projects/node+react/backend/user/islogged.phjs' : 
TypeError: PHJS.libs.isConnect is not a function
    at Object.start (<anonymous>:8:17)
    at ProcessPage (/media/windows/bts/2/dev/projects/node+react/master/PHjs/PHjs/lib/main.js:1013:10)
    at lauchphjs (/media/windows/bts/2/dev/projects/node+react/master/PHjs/PHjs/lib/main.js:857:4)
    at /media/windows/bts/2/dev/projects/node+react/master/PHjs/PHjs/lib/main.js:301:6
    at IncomingForm.<anonymous> (/media/windows/bts/2/dev/projects/node+react/master/PHjs/PHjs/node_modules/formidable/lib/incoming_form.js:107:9)
    at IncomingForm.emit (events.js:189:13)
    at IncomingForm._maybeEnd (/media/windows/bts/2/dev/projects/node+react/master/PHjs/PHjs/node_modules/formidable/lib/incoming_form.js:557:8)
    at QuerystringParser.parser.onEnd (/media/windows/bts/2/dev/projects/node+react/master/PHjs/PHjs/node_modules/formidable/lib/incoming_form.js:458:10)
    at QuerystringParser.end (/media/windows/bts/2/dev/projects/node+react/master/PHjs/PHjs/node_modules/formidable/lib/querystring_parser.js:25:8)
    at IncomingMessage.<anonymous> (/media/windows/bts/2/dev/projects/node+react/master/PHjs/PHjs/node_modules/formidable/lib/incoming_form.js:132:30)
2019/1/5  18:41:26 => 127.0.0.1 => POST http://127.0.0.1:8000/user/islogged.phjs CODE 500 ; Mozilla/5.0 (X11; Ubuntu; Linux x86_64; rv:64.0) Gecko/20100101 Firefox/64.0 
Execution error when process '/root/projects/node+react/backend/user/islogged.phjs' : 
TypeError: PHJS.libs.isConnect is not a function
    at Object.start (<anonymous>:8:17)
    at ProcessPage (/media/windows/bts/2/dev/projects/node+react/master/PHjs/PHjs/lib/main.js:1013:10)
    at lauchphjs (/media/windows/bts/2/dev/projects/node+react/master/PHjs/PHjs/lib/main.js:857:4)
    at /media/windows/bts/2/dev/projects/node+react/master/PHjs/PHjs/lib/main.js:301:6
    at IncomingForm.<anonymous> (/media/windows/bts/2/dev/projects/node+react/master/PHjs/PHjs/node_modules/formidable/lib/incoming_form.js:107:9)
    at IncomingForm.emit (events.js:189:13)
    at IncomingForm._maybeEnd (/media/windows/bts/2/dev/projects/node+react/master/PHjs/PHjs/node_modules/formidable/lib/incoming_form.js:557:8)
    at QuerystringParser.parser.onEnd (/media/windows/bts/2/dev/projects/node+react/master/PHjs/PHjs/node_modules/formidable/lib/incoming_form.js:458:10)
    at QuerystringParser.end (/media/windows/bts/2/dev/projects/node+react/master/PHjs/PHjs/node_modules/formidable/lib/querystring_parser.js:25:8)
    at IncomingMessage.<anonymous> (/media/windows/bts/2/dev/projects/node+react/master/PHjs/PHjs/node_modules/formidable/lib/incoming_form.js:132:30)
2019/1/5  18:41:38 => 127.0.0.1 => POST http://127.0.0.1:8000/user/islogged.phjs CODE 500 ; Mozilla/5.0 (X11; Ubuntu; Linux x86_64; rv:64.0) Gecko/20100101 Firefox/64.0 
Execution error when process '/root/projects/node+react/backend/user/islogged.phjs' : 
TypeError: PHJS.libs.isConnect is not a function
    at Object.start (<anonymous>:8:17)
    at ProcessPage (/media/windows/bts/2/dev/projects/node+react/master/PHjs/PHjs/lib/main.js:1013:10)
    at lauchphjs (/media/windows/bts/2/dev/projects/node+react/master/PHjs/PHjs/lib/main.js:857:4)
    at /media/windows/bts/2/dev/projects/node+react/master/PHjs/PHjs/lib/main.js:301:6
    at IncomingForm.<anonymous> (/media/windows/bts/2/dev/projects/node+react/master/PHjs/PHjs/node_modules/formidable/lib/incoming_form.js:107:9)
    at IncomingForm.emit (events.js:189:13)
    at IncomingForm._maybeEnd (/media/windows/bts/2/dev/projects/node+react/master/PHjs/PHjs/node_modules/formidable/lib/incoming_form.js:557:8)
    at QuerystringParser.parser.onEnd (/media/windows/bts/2/dev/projects/node+react/master/PHjs/PHjs/node_modules/formidable/lib/incoming_form.js:458:10)
    at QuerystringParser.end (/media/windows/bts/2/dev/projects/node+react/master/PHjs/PHjs/node_modules/formidable/lib/querystring_parser.js:25:8)
    at IncomingMessage.<anonymous> (/media/windows/bts/2/dev/projects/node+react/master/PHjs/PHjs/node_modules/formidable/lib/incoming_form.js:132:30)
2019/1/5  18:41:40 => 127.0.0.1 => POST http://127.0.0.1:8000/user/islogged.phjs CODE 500 ; Mozilla/5.0 (X11; Ubuntu; Linux x86_64; rv:64.0) Gecko/20100101 Firefox/64.0 
Execution error when process '/root/projects/node+react/backend/user/islogged.phjs' : 
TypeError: PHJS.libs.isConnect is not a function
    at Object.start (<anonymous>:8:17)
    at ProcessPage (/media/windows/bts/2/dev/projects/node+react/master/PHjs/PHjs/lib/main.js:1013:10)
    at lauchphjs (/media/windows/bts/2/dev/projects/node+react/master/PHjs/PHjs/lib/main.js:857:4)
    at /media/windows/bts/2/dev/projects/node+react/master/PHjs/PHjs/lib/main.js:301:6
    at IncomingForm.<anonymous> (/media/windows/bts/2/dev/projects/node+react/master/PHjs/PHjs/node_modules/formidable/lib/incoming_form.js:107:9)
    at IncomingForm.emit (events.js:189:13)
    at IncomingForm._maybeEnd (/media/windows/bts/2/dev/projects/node+react/master/PHjs/PHjs/node_modules/formidable/lib/incoming_form.js:557:8)
    at QuerystringParser.parser.onEnd (/media/windows/bts/2/dev/projects/node+react/master/PHjs/PHjs/node_modules/formidable/lib/incoming_form.js:458:10)
    at QuerystringParser.end (/media/windows/bts/2/dev/projects/node+react/master/PHjs/PHjs/node_modules/formidable/lib/querystring_parser.js:25:8)
    at IncomingMessage.<anonymous> (/media/windows/bts/2/dev/projects/node+react/master/PHjs/PHjs/node_modules/formidable/lib/incoming_form.js:132:30)
2019/1/5  18:41:42 => 127.0.0.1 => POST http://127.0.0.1:8000/user/islogged.phjs CODE 500 ; Mozilla/5.0 (X11; Ubuntu; Linux x86_64; rv:64.0) Gecko/20100101 Firefox/64.0 
Execution error when process '/root/projects/node+react/backend/user/islogged.phjs' : 
TypeError: PHJS.libs.isConnect is not a function
    at Object.start (<anonymous>:8:17)
    at ProcessPage (/media/windows/bts/2/dev/projects/node+react/master/PHjs/PHjs/lib/main.js:1013:10)
    at lauchphjs (/media/windows/bts/2/dev/projects/node+react/master/PHjs/PHjs/lib/main.js:857:4)
    at /media/windows/bts/2/dev/projects/node+react/master/PHjs/PHjs/lib/main.js:301:6
    at IncomingForm.<anonymous> (/media/windows/bts/2/dev/projects/node+react/master/PHjs/PHjs/node_modules/formidable/lib/incoming_form.js:107:9)
    at IncomingForm.emit (events.js:189:13)
    at IncomingForm._maybeEnd (/media/windows/bts/2/dev/projects/node+react/master/PHjs/PHjs/node_modules/formidable/lib/incoming_form.js:557:8)
    at QuerystringParser.parser.onEnd (/media/windows/bts/2/dev/projects/node+react/master/PHjs/PHjs/node_modules/formidable/lib/incoming_form.js:458:10)
    at QuerystringParser.end (/media/windows/bts/2/dev/projects/node+react/master/PHjs/PHjs/node_modules/formidable/lib/querystring_parser.js:25:8)
    at IncomingMessage.<anonymous> (/media/windows/bts/2/dev/projects/node+react/master/PHjs/PHjs/node_modules/formidable/lib/incoming_form.js:132:30)
2019/1/5  18:41:46 => 127.0.0.1 => POST http://127.0.0.1:8000/user/islogged.phjs CODE 500 ; Mozilla/5.0 (X11; Ubuntu; Linux x86_64; rv:64.0) Gecko/20100101 Firefox/64.0 
Execution error when process '/root/projects/node+react/backend/user/islogged.phjs' : 
TypeError: PHJS.libs.isConnect is not a function
    at Object.start (<anonymous>:8:17)
    at ProcessPage (/media/windows/bts/2/dev/projects/node+react/master/PHjs/PHjs/lib/main.js:1013:10)
    at lauchphjs (/media/windows/bts/2/dev/projects/node+react/master/PHjs/PHjs/lib/main.js:857:4)
    at /media/windows/bts/2/dev/projects/node+react/master/PHjs/PHjs/lib/main.js:301:6
    at IncomingForm.<anonymous> (/media/windows/bts/2/dev/projects/node+react/master/PHjs/PHjs/node_modules/formidable/lib/incoming_form.js:107:9)
    at IncomingForm.emit (events.js:189:13)
    at IncomingForm._maybeEnd (/media/windows/bts/2/dev/projects/node+react/master/PHjs/PHjs/node_modules/formidable/lib/incoming_form.js:557:8)
    at QuerystringParser.parser.onEnd (/media/windows/bts/2/dev/projects/node+react/master/PHjs/PHjs/node_modules/formidable/lib/incoming_form.js:458:10)
    at QuerystringParser.end (/media/windows/bts/2/dev/projects/node+react/master/PHjs/PHjs/node_modules/formidable/lib/querystring_parser.js:25:8)
    at IncomingMessage.<anonymous> (/media/windows/bts/2/dev/projects/node+react/master/PHjs/PHjs/node_modules/formidable/lib/incoming_form.js:132:30)
2019/1/5  18:41:52 => 127.0.0.1 => POST http://127.0.0.1:8000/user/islogged.phjs CODE 500 ; Mozilla/5.0 (X11; Ubuntu; Linux x86_64; rv:64.0) Gecko/20100101 Firefox/64.0 
Execution error when process '/root/projects/node+react/backend/user/islogged.phjs' : 
TypeError: PHJS.libs.isConnect is not a function
    at Object.start (<anonymous>:8:17)
    at ProcessPage (/media/windows/bts/2/dev/projects/node+react/master/PHjs/PHjs/lib/main.js:1013:10)
    at lauchphjs (/media/windows/bts/2/dev/projects/node+react/master/PHjs/PHjs/lib/main.js:857:4)
    at /media/windows/bts/2/dev/projects/node+react/master/PHjs/PHjs/lib/main.js:301:6
    at IncomingForm.<anonymous> (/media/windows/bts/2/dev/projects/node+react/master/PHjs/PHjs/node_modules/formidable/lib/incoming_form.js:107:9)
    at IncomingForm.emit (events.js:189:13)
    at IncomingForm._maybeEnd (/media/windows/bts/2/dev/projects/node+react/master/PHjs/PHjs/node_modules/formidable/lib/incoming_form.js:557:8)
    at QuerystringParser.parser.onEnd (/media/windows/bts/2/dev/projects/node+react/master/PHjs/PHjs/node_modules/formidable/lib/incoming_form.js:458:10)
    at QuerystringParser.end (/media/windows/bts/2/dev/projects/node+react/master/PHjs/PHjs/node_modules/formidable/lib/querystring_parser.js:25:8)
    at IncomingMessage.<anonymous> (/media/windows/bts/2/dev/projects/node+react/master/PHjs/PHjs/node_modules/formidable/lib/incoming_form.js:132:30)
2019/1/5  18:41:58 => 127.0.0.1 => POST http://127.0.0.1:8000/user/islogged.phjs CODE 500 ; Mozilla/5.0 (X11; Ubuntu; Linux x86_64; rv:64.0) Gecko/20100101 Firefox/64.0 
Execution error when process '/root/projects/node+react/backend/user/islogged.phjs' : 
TypeError: PHJS.libs.isConnect is not a function
    at Object.start (<anonymous>:8:17)
    at ProcessPage (/media/windows/bts/2/dev/projects/node+react/master/PHjs/PHjs/lib/main.js:1013:10)
    at lauchphjs (/media/windows/bts/2/dev/projects/node+react/master/PHjs/PHjs/lib/main.js:857:4)
    at /media/windows/bts/2/dev/projects/node+react/master/PHjs/PHjs/lib/main.js:301:6
    at IncomingForm.<anonymous> (/media/windows/bts/2/dev/projects/node+react/master/PHjs/PHjs/node_modules/formidable/lib/incoming_form.js:107:9)
    at IncomingForm.emit (events.js:189:13)
    at IncomingForm._maybeEnd (/media/windows/bts/2/dev/projects/node+react/master/PHjs/PHjs/node_modules/formidable/lib/incoming_form.js:557:8)
    at QuerystringParser.parser.onEnd (/media/windows/bts/2/dev/projects/node+react/master/PHjs/PHjs/node_modules/formidable/lib/incoming_form.js:458:10)
    at QuerystringParser.end (/media/windows/bts/2/dev/projects/node+react/master/PHjs/PHjs/node_modules/formidable/lib/querystring_parser.js:25:8)
    at IncomingMessage.<anonymous> (/media/windows/bts/2/dev/projects/node+react/master/PHjs/PHjs/node_modules/formidable/lib/incoming_form.js:132:30)
2019/1/5  18:42:7 => 127.0.0.1 => POST http://127.0.0.1:8000/user/islogged.phjs CODE 500 ; Mozilla/5.0 (X11; Ubuntu; Linux x86_64; rv:64.0) Gecko/20100101 Firefox/64.0 
Execution error when process '/root/projects/node+react/backend/user/islogged.phjs' : 
TypeError: PHJS.libs.isConnect is not a function
    at Object.start (<anonymous>:8:17)
    at ProcessPage (/media/windows/bts/2/dev/projects/node+react/master/PHjs/PHjs/lib/main.js:1013:10)
    at lauchphjs (/media/windows/bts/2/dev/projects/node+react/master/PHjs/PHjs/lib/main.js:857:4)
    at /media/windows/bts/2/dev/projects/node+react/master/PHjs/PHjs/lib/main.js:301:6
    at IncomingForm.<anonymous> (/media/windows/bts/2/dev/projects/node+react/master/PHjs/PHjs/node_modules/formidable/lib/incoming_form.js:107:9)
    at IncomingForm.emit (events.js:189:13)
    at IncomingForm._maybeEnd (/media/windows/bts/2/dev/projects/node+react/master/PHjs/PHjs/node_modules/formidable/lib/incoming_form.js:557:8)
    at QuerystringParser.parser.onEnd (/media/windows/bts/2/dev/projects/node+react/master/PHjs/PHjs/node_modules/formidable/lib/incoming_form.js:458:10)
    at QuerystringParser.end (/media/windows/bts/2/dev/projects/node+react/master/PHjs/PHjs/node_modules/formidable/lib/querystring_parser.js:25:8)
    at IncomingMessage.<anonymous> (/media/windows/bts/2/dev/projects/node+react/master/PHjs/PHjs/node_modules/formidable/lib/incoming_form.js:132:30)
2019/1/5  18:42:9 => 127.0.0.1 => POST http://127.0.0.1:8000/user/islogged.phjs CODE 500 ; Mozilla/5.0 (X11; Ubuntu; Linux x86_64; rv:64.0) Gecko/20100101 Firefox/64.0 
Execution error when process '/root/projects/node+react/backend/user/islogged.phjs' : 
TypeError: PHJS.libs.isConnect is not a function
    at Object.start (<anonymous>:8:17)
    at ProcessPage (/media/windows/bts/2/dev/projects/node+react/master/PHjs/PHjs/lib/main.js:1013:10)
    at lauchphjs (/media/windows/bts/2/dev/projects/node+react/master/PHjs/PHjs/lib/main.js:857:4)
    at /media/windows/bts/2/dev/projects/node+react/master/PHjs/PHjs/lib/main.js:301:6
    at IncomingForm.<anonymous> (/media/windows/bts/2/dev/projects/node+react/master/PHjs/PHjs/node_modules/formidable/lib/incoming_form.js:107:9)
    at IncomingForm.emit (events.js:189:13)
    at IncomingForm._maybeEnd (/media/windows/bts/2/dev/projects/node+react/master/PHjs/PHjs/node_modules/formidable/lib/incoming_form.js:557:8)
    at QuerystringParser.parser.onEnd (/media/windows/bts/2/dev/projects/node+react/master/PHjs/PHjs/node_modules/formidable/lib/incoming_form.js:458:10)
    at QuerystringParser.end (/media/windows/bts/2/dev/projects/node+react/master/PHjs/PHjs/node_modules/formidable/lib/querystring_parser.js:25:8)
    at IncomingMessage.<anonymous> (/media/windows/bts/2/dev/projects/node+react/master/PHjs/PHjs/node_modules/formidable/lib/incoming_form.js:132:30)
2019/1/5  18:42:11 => 127.0.0.1 => POST http://127.0.0.1:8000/user/islogged.phjs CODE 500 ; Mozilla/5.0 (X11; Ubuntu; Linux x86_64; rv:64.0) Gecko/20100101 Firefox/64.0 
Execution error when process '/root/projects/node+react/backend/user/islogged.phjs' : 
TypeError: PHJS.libs.isConnect is not a function
    at Object.start (<anonymous>:8:17)
    at ProcessPage (/media/windows/bts/2/dev/projects/node+react/master/PHjs/PHjs/lib/main.js:1013:10)
    at lauchphjs (/media/windows/bts/2/dev/projects/node+react/master/PHjs/PHjs/lib/main.js:857:4)
    at /media/windows/bts/2/dev/projects/node+react/master/PHjs/PHjs/lib/main.js:301:6
    at IncomingForm.<anonymous> (/media/windows/bts/2/dev/projects/node+react/master/PHjs/PHjs/node_modules/formidable/lib/incoming_form.js:107:9)
    at IncomingForm.emit (events.js:189:13)
    at IncomingForm._maybeEnd (/media/windows/bts/2/dev/projects/node+react/master/PHjs/PHjs/node_modules/formidable/lib/incoming_form.js:557:8)
    at QuerystringParser.parser.onEnd (/media/windows/bts/2/dev/projects/node+react/master/PHjs/PHjs/node_modules/formidable/lib/incoming_form.js:458:10)
    at QuerystringParser.end (/media/windows/bts/2/dev/projects/node+react/master/PHjs/PHjs/node_modules/formidable/lib/querystring_parser.js:25:8)
    at IncomingMessage.<anonymous> (/media/windows/bts/2/dev/projects/node+react/master/PHjs/PHjs/node_modules/formidable/lib/incoming_form.js:132:30)
2019/1/5  18:42:15 => 127.0.0.1 => POST http://127.0.0.1:8000/user/islogged.phjs CODE 500 ; Mozilla/5.0 (X11; Ubuntu; Linux x86_64; rv:64.0) Gecko/20100101 Firefox/64.0 
Execution error when process '/root/projects/node+react/backend/user/islogged.phjs' : 
TypeError: PHJS.libs.isConnect is not a function
    at Object.start (<anonymous>:8:17)
    at ProcessPage (/media/windows/bts/2/dev/projects/node+react/master/PHjs/PHjs/lib/main.js:1013:10)
    at lauchphjs (/media/windows/bts/2/dev/projects/node+react/master/PHjs/PHjs/lib/main.js:857:4)
    at /media/windows/bts/2/dev/projects/node+react/master/PHjs/PHjs/lib/main.js:301:6
    at IncomingForm.<anonymous> (/media/windows/bts/2/dev/projects/node+react/master/PHjs/PHjs/node_modules/formidable/lib/incoming_form.js:107:9)
    at IncomingForm.emit (events.js:189:13)
    at IncomingForm._maybeEnd (/media/windows/bts/2/dev/projects/node+react/master/PHjs/PHjs/node_modules/formidable/lib/incoming_form.js:557:8)
    at QuerystringParser.parser.onEnd (/media/windows/bts/2/dev/projects/node+react/master/PHjs/PHjs/node_modules/formidable/lib/incoming_form.js:458:10)
    at QuerystringParser.end (/media/windows/bts/2/dev/projects/node+react/master/PHjs/PHjs/node_modules/formidable/lib/querystring_parser.js:25:8)
    at IncomingMessage.<anonymous> (/media/windows/bts/2/dev/projects/node+react/master/PHjs/PHjs/node_modules/formidable/lib/incoming_form.js:132:30)
2019/1/5  18:42:33 => 127.0.0.1 => POST http://127.0.0.1:8000/user/islogged.phjs CODE 500 ; Mozilla/5.0 (X11; Ubuntu; Linux x86_64; rv:64.0) Gecko/20100101 Firefox/64.0 
Execution error when process '/root/projects/node+react/backend/user/islogged.phjs' : 
TypeError: PHJS.libs.isConnect is not a function
    at Object.start (<anonymous>:8:17)
    at ProcessPage (/media/windows/bts/2/dev/projects/node+react/master/PHjs/PHjs/lib/main.js:1013:10)
    at lauchphjs (/media/windows/bts/2/dev/projects/node+react/master/PHjs/PHjs/lib/main.js:857:4)
    at /media/windows/bts/2/dev/projects/node+react/master/PHjs/PHjs/lib/main.js:301:6
    at IncomingForm.<anonymous> (/media/windows/bts/2/dev/projects/node+react/master/PHjs/PHjs/node_modules/formidable/lib/incoming_form.js:107:9)
    at IncomingForm.emit (events.js:189:13)
    at IncomingForm._maybeEnd (/media/windows/bts/2/dev/projects/node+react/master/PHjs/PHjs/node_modules/formidable/lib/incoming_form.js:557:8)
    at QuerystringParser.parser.onEnd (/media/windows/bts/2/dev/projects/node+react/master/PHjs/PHjs/node_modules/formidable/lib/incoming_form.js:458:10)
    at QuerystringParser.end (/media/windows/bts/2/dev/projects/node+react/master/PHjs/PHjs/node_modules/formidable/lib/querystring_parser.js:25:8)
    at IncomingMessage.<anonymous> (/media/windows/bts/2/dev/projects/node+react/master/PHjs/PHjs/node_modules/formidable/lib/incoming_form.js:132:30)
2019/1/5  18:42:35 => 127.0.0.1 => POST http://127.0.0.1:8000/user/islogged.phjs CODE 500 ; Mozilla/5.0 (X11; Ubuntu; Linux x86_64; rv:64.0) Gecko/20100101 Firefox/64.0 
Execution error when process '/root/projects/node+react/backend/user/islogged.phjs' : 
TypeError: PHJS.libs.isConnect is not a function
    at Object.start (<anonymous>:8:17)
    at ProcessPage (/media/windows/bts/2/dev/projects/node+react/master/PHjs/PHjs/lib/main.js:1013:10)
    at lauchphjs (/media/windows/bts/2/dev/projects/node+react/master/PHjs/PHjs/lib/main.js:857:4)
    at /media/windows/bts/2/dev/projects/node+react/master/PHjs/PHjs/lib/main.js:301:6
    at IncomingForm.<anonymous> (/media/windows/bts/2/dev/projects/node+react/master/PHjs/PHjs/node_modules/formidable/lib/incoming_form.js:107:9)
    at IncomingForm.emit (events.js:189:13)
    at IncomingForm._maybeEnd (/media/windows/bts/2/dev/projects/node+react/master/PHjs/PHjs/node_modules/formidable/lib/incoming_form.js:557:8)
    at QuerystringParser.parser.onEnd (/media/windows/bts/2/dev/projects/node+react/master/PHjs/PHjs/node_modules/formidable/lib/incoming_form.js:458:10)
    at QuerystringParser.end (/media/windows/bts/2/dev/projects/node+react/master/PHjs/PHjs/node_modules/formidable/lib/querystring_parser.js:25:8)
    at IncomingMessage.<anonymous> (/media/windows/bts/2/dev/projects/node+react/master/PHjs/PHjs/node_modules/formidable/lib/incoming_form.js:132:30)
2019/1/5  18:42:44 => 127.0.0.1 => POST http://127.0.0.1:8000/user/islogged.phjs CODE 500 ; Mozilla/5.0 (X11; Ubuntu; Linux x86_64; rv:64.0) Gecko/20100101 Firefox/64.0 
Execution error when process '/root/projects/node+react/backend/user/islogged.phjs' : 
TypeError: PHJS.libs.isConnect is not a function
    at Object.start (<anonymous>:8:17)
    at ProcessPage (/media/windows/bts/2/dev/projects/node+react/master/PHjs/PHjs/lib/main.js:1013:10)
    at lauchphjs (/media/windows/bts/2/dev/projects/node+react/master/PHjs/PHjs/lib/main.js:857:4)
    at /media/windows/bts/2/dev/projects/node+react/master/PHjs/PHjs/lib/main.js:301:6
    at IncomingForm.<anonymous> (/media/windows/bts/2/dev/projects/node+react/master/PHjs/PHjs/node_modules/formidable/lib/incoming_form.js:107:9)
    at IncomingForm.emit (events.js:189:13)
    at IncomingForm._maybeEnd (/media/windows/bts/2/dev/projects/node+react/master/PHjs/PHjs/node_modules/formidable/lib/incoming_form.js:557:8)
    at QuerystringParser.parser.onEnd (/media/windows/bts/2/dev/projects/node+react/master/PHjs/PHjs/node_modules/formidable/lib/incoming_form.js:458:10)
    at QuerystringParser.end (/media/windows/bts/2/dev/projects/node+react/master/PHjs/PHjs/node_modules/formidable/lib/querystring_parser.js:25:8)
    at IncomingMessage.<anonymous> (/media/windows/bts/2/dev/projects/node+react/master/PHjs/PHjs/node_modules/formidable/lib/incoming_form.js:132:30)
2019/1/5  18:42:46 => 127.0.0.1 => POST http://127.0.0.1:8000/user/islogged.phjs CODE 500 ; Mozilla/5.0 (X11; Ubuntu; Linux x86_64; rv:64.0) Gecko/20100101 Firefox/64.0 
Execution error when process '/root/projects/node+react/backend/user/islogged.phjs' : 
TypeError: PHJS.libs.isConnect is not a function
    at Object.start (<anonymous>:8:17)
    at ProcessPage (/media/windows/bts/2/dev/projects/node+react/master/PHjs/PHjs/lib/main.js:1013:10)
    at lauchphjs (/media/windows/bts/2/dev/projects/node+react/master/PHjs/PHjs/lib/main.js:857:4)
    at /media/windows/bts/2/dev/projects/node+react/master/PHjs/PHjs/lib/main.js:301:6
    at IncomingForm.<anonymous> (/media/windows/bts/2/dev/projects/node+react/master/PHjs/PHjs/node_modules/formidable/lib/incoming_form.js:107:9)
    at IncomingForm.emit (events.js:189:13)
    at IncomingForm._maybeEnd (/media/windows/bts/2/dev/projects/node+react/master/PHjs/PHjs/node_modules/formidable/lib/incoming_form.js:557:8)
    at QuerystringParser.parser.onEnd (/media/windows/bts/2/dev/projects/node+react/master/PHjs/PHjs/node_modules/formidable/lib/incoming_form.js:458:10)
    at QuerystringParser.end (/media/windows/bts/2/dev/projects/node+react/master/PHjs/PHjs/node_modules/formidable/lib/querystring_parser.js:25:8)
    at IncomingMessage.<anonymous> (/media/windows/bts/2/dev/projects/node+react/master/PHjs/PHjs/node_modules/formidable/lib/incoming_form.js:132:30)
2019/1/5  18:42:48 => 127.0.0.1 => POST http://127.0.0.1:8000/user/islogged.phjs CODE 500 ; Mozilla/5.0 (X11; Ubuntu; Linux x86_64; rv:64.0) Gecko/20100101 Firefox/64.0 
Execution error when process '/root/projects/node+react/backend/user/islogged.phjs' : 
TypeError: PHJS.libs.isConnect is not a function
    at Object.start (<anonymous>:8:17)
    at ProcessPage (/media/windows/bts/2/dev/projects/node+react/master/PHjs/PHjs/lib/main.js:1013:10)
    at lauchphjs (/media/windows/bts/2/dev/projects/node+react/master/PHjs/PHjs/lib/main.js:857:4)
    at /media/windows/bts/2/dev/projects/node+react/master/PHjs/PHjs/lib/main.js:301:6
    at IncomingForm.<anonymous> (/media/windows/bts/2/dev/projects/node+react/master/PHjs/PHjs/node_modules/formidable/lib/incoming_form.js:107:9)
    at IncomingForm.emit (events.js:189:13)
    at IncomingForm._maybeEnd (/media/windows/bts/2/dev/projects/node+react/master/PHjs/PHjs/node_modules/formidable/lib/incoming_form.js:557:8)
    at QuerystringParser.parser.onEnd (/media/windows/bts/2/dev/projects/node+react/master/PHjs/PHjs/node_modules/formidable/lib/incoming_form.js:458:10)
    at QuerystringParser.end (/media/windows/bts/2/dev/projects/node+react/master/PHjs/PHjs/node_modules/formidable/lib/querystring_parser.js:25:8)
    at IncomingMessage.<anonymous> (/media/windows/bts/2/dev/projects/node+react/master/PHjs/PHjs/node_modules/formidable/lib/incoming_form.js:132:30)
2019/1/5  18:42:49 => 127.0.0.1 => POST http://127.0.0.1:8000/user/islogged.phjs CODE 500 ; Mozilla/5.0 (X11; Ubuntu; Linux x86_64; rv:64.0) Gecko/20100101 Firefox/64.0 
Execution error when process '/root/projects/node+react/backend/user/islogged.phjs' : 
TypeError: PHJS.libs.isConnect is not a function
    at Object.start (<anonymous>:8:17)
    at ProcessPage (/media/windows/bts/2/dev/projects/node+react/master/PHjs/PHjs/lib/main.js:1013:10)
    at lauchphjs (/media/windows/bts/2/dev/projects/node+react/master/PHjs/PHjs/lib/main.js:857:4)
    at /media/windows/bts/2/dev/projects/node+react/master/PHjs/PHjs/lib/main.js:301:6
    at IncomingForm.<anonymous> (/media/windows/bts/2/dev/projects/node+react/master/PHjs/PHjs/node_modules/formidable/lib/incoming_form.js:107:9)
    at IncomingForm.emit (events.js:189:13)
    at IncomingForm._maybeEnd (/media/windows/bts/2/dev/projects/node+react/master/PHjs/PHjs/node_modules/formidable/lib/incoming_form.js:557:8)
    at QuerystringParser.parser.onEnd (/media/windows/bts/2/dev/projects/node+react/master/PHjs/PHjs/node_modules/formidable/lib/incoming_form.js:458:10)
    at QuerystringParser.end (/media/windows/bts/2/dev/projects/node+react/master/PHjs/PHjs/node_modules/formidable/lib/querystring_parser.js:25:8)
    at IncomingMessage.<anonymous> (/media/windows/bts/2/dev/projects/node+react/master/PHjs/PHjs/node_modules/formidable/lib/incoming_form.js:132:30)
2019/1/5  18:43:0 => 127.0.0.1 => POST http://127.0.0.1:8000/user/islogged.phjs CODE 500 ; Mozilla/5.0 (X11; Ubuntu; Linux x86_64; rv:64.0) Gecko/20100101 Firefox/64.0 
Execution error when process '/root/projects/node+react/backend/user/islogged.phjs' : 
TypeError: PHJS.libs.isConnect is not a function
    at Object.start (<anonymous>:8:17)
    at ProcessPage (/media/windows/bts/2/dev/projects/node+react/master/PHjs/PHjs/lib/main.js:1013:10)
    at lauchphjs (/media/windows/bts/2/dev/projects/node+react/master/PHjs/PHjs/lib/main.js:857:4)
    at /media/windows/bts/2/dev/projects/node+react/master/PHjs/PHjs/lib/main.js:301:6
    at IncomingForm.<anonymous> (/media/windows/bts/2/dev/projects/node+react/master/PHjs/PHjs/node_modules/formidable/lib/incoming_form.js:107:9)
    at IncomingForm.emit (events.js:189:13)
    at IncomingForm._maybeEnd (/media/windows/bts/2/dev/projects/node+react/master/PHjs/PHjs/node_modules/formidable/lib/incoming_form.js:557:8)
    at QuerystringParser.parser.onEnd (/media/windows/bts/2/dev/projects/node+react/master/PHjs/PHjs/node_modules/formidable/lib/incoming_form.js:458:10)
    at QuerystringParser.end (/media/windows/bts/2/dev/projects/node+react/master/PHjs/PHjs/node_modules/formidable/lib/querystring_parser.js:25:8)
    at IncomingMessage.<anonymous> (/media/windows/bts/2/dev/projects/node+react/master/PHjs/PHjs/node_modules/formidable/lib/incoming_form.js:132:30)
2019/1/5  18:43:23 => 127.0.0.1 => POST http://127.0.0.1:8000/user/islogged.phjs CODE 500 ; Mozilla/5.0 (X11; Ubuntu; Linux x86_64; rv:64.0) Gecko/20100101 Firefox/64.0 
Execution error when process '/root/projects/node+react/backend/user/islogged.phjs' : 
TypeError: PHJS.libs.isConnect is not a function
    at Object.start (<anonymous>:8:17)
    at ProcessPage (/media/windows/bts/2/dev/projects/node+react/master/PHjs/PHjs/lib/main.js:1013:10)
    at lauchphjs (/media/windows/bts/2/dev/projects/node+react/master/PHjs/PHjs/lib/main.js:857:4)
    at /media/windows/bts/2/dev/projects/node+react/master/PHjs/PHjs/lib/main.js:301:6
    at IncomingForm.<anonymous> (/media/windows/bts/2/dev/projects/node+react/master/PHjs/PHjs/node_modules/formidable/lib/incoming_form.js:107:9)
    at IncomingForm.emit (events.js:189:13)
    at IncomingForm._maybeEnd (/media/windows/bts/2/dev/projects/node+react/master/PHjs/PHjs/node_modules/formidable/lib/incoming_form.js:557:8)
    at QuerystringParser.parser.onEnd (/media/windows/bts/2/dev/projects/node+react/master/PHjs/PHjs/node_modules/formidable/lib/incoming_form.js:458:10)
    at QuerystringParser.end (/media/windows/bts/2/dev/projects/node+react/master/PHjs/PHjs/node_modules/formidable/lib/querystring_parser.js:25:8)
    at IncomingMessage.<anonymous> (/media/windows/bts/2/dev/projects/node+react/master/PHjs/PHjs/node_modules/formidable/lib/incoming_form.js:132:30)
2019/1/5  18:43:25 => 127.0.0.1 => POST http://127.0.0.1:8000/user/islogged.phjs CODE 500 ; Mozilla/5.0 (X11; Ubuntu; Linux x86_64; rv:64.0) Gecko/20100101 Firefox/64.0 
Execution error when process '/root/projects/node+react/backend/user/islogged.phjs' : 
TypeError: PHJS.libs.isConnect is not a function
    at Object.start (<anonymous>:8:17)
    at ProcessPage (/media/windows/bts/2/dev/projects/node+react/master/PHjs/PHjs/lib/main.js:1013:10)
    at lauchphjs (/media/windows/bts/2/dev/projects/node+react/master/PHjs/PHjs/lib/main.js:857:4)
    at /media/windows/bts/2/dev/projects/node+react/master/PHjs/PHjs/lib/main.js:301:6
    at IncomingForm.<anonymous> (/media/windows/bts/2/dev/projects/node+react/master/PHjs/PHjs/node_modules/formidable/lib/incoming_form.js:107:9)
    at IncomingForm.emit (events.js:189:13)
    at IncomingForm._maybeEnd (/media/windows/bts/2/dev/projects/node+react/master/PHjs/PHjs/node_modules/formidable/lib/incoming_form.js:557:8)
    at QuerystringParser.parser.onEnd (/media/windows/bts/2/dev/projects/node+react/master/PHjs/PHjs/node_modules/formidable/lib/incoming_form.js:458:10)
    at QuerystringParser.end (/media/windows/bts/2/dev/projects/node+react/master/PHjs/PHjs/node_modules/formidable/lib/querystring_parser.js:25:8)
    at IncomingMessage.<anonymous> (/media/windows/bts/2/dev/projects/node+react/master/PHjs/PHjs/node_modules/formidable/lib/incoming_form.js:132:30)
2019/1/5  18:43:33 => 127.0.0.1 => POST http://127.0.0.1:8000/user/islogged.phjs CODE 500 ; Mozilla/5.0 (X11; Ubuntu; Linux x86_64; rv:64.0) Gecko/20100101 Firefox/64.0 
Execution error when process '/root/projects/node+react/backend/user/islogged.phjs' : 
TypeError: PHJS.libs.isConnect is not a function
    at Object.start (<anonymous>:8:17)
    at ProcessPage (/media/windows/bts/2/dev/projects/node+react/master/PHjs/PHjs/lib/main.js:1013:10)
    at lauchphjs (/media/windows/bts/2/dev/projects/node+react/master/PHjs/PHjs/lib/main.js:857:4)
    at /media/windows/bts/2/dev/projects/node+react/master/PHjs/PHjs/lib/main.js:301:6
    at IncomingForm.<anonymous> (/media/windows/bts/2/dev/projects/node+react/master/PHjs/PHjs/node_modules/formidable/lib/incoming_form.js:107:9)
    at IncomingForm.emit (events.js:189:13)
    at IncomingForm._maybeEnd (/media/windows/bts/2/dev/projects/node+react/master/PHjs/PHjs/node_modules/formidable/lib/incoming_form.js:557:8)
    at QuerystringParser.parser.onEnd (/media/windows/bts/2/dev/projects/node+react/master/PHjs/PHjs/node_modules/formidable/lib/incoming_form.js:458:10)
    at QuerystringParser.end (/media/windows/bts/2/dev/projects/node+react/master/PHjs/PHjs/node_modules/formidable/lib/querystring_parser.js:25:8)
    at IncomingMessage.<anonymous> (/media/windows/bts/2/dev/projects/node+react/master/PHjs/PHjs/node_modules/formidable/lib/incoming_form.js:132:30)
2019/1/5  18:43:34 => 127.0.0.1 => POST http://127.0.0.1:8000/user/islogged.phjs CODE 500 ; Mozilla/5.0 (X11; Ubuntu; Linux x86_64; rv:64.0) Gecko/20100101 Firefox/64.0 
Execution error when process '/root/projects/node+react/backend/user/islogged.phjs' : 
TypeError: PHJS.libs.isConnect is not a function
    at Object.start (<anonymous>:8:17)
    at ProcessPage (/media/windows/bts/2/dev/projects/node+react/master/PHjs/PHjs/lib/main.js:1013:10)
    at lauchphjs (/media/windows/bts/2/dev/projects/node+react/master/PHjs/PHjs/lib/main.js:857:4)
    at /media/windows/bts/2/dev/projects/node+react/master/PHjs/PHjs/lib/main.js:301:6
    at IncomingForm.<anonymous> (/media/windows/bts/2/dev/projects/node+react/master/PHjs/PHjs/node_modules/formidable/lib/incoming_form.js:107:9)
    at IncomingForm.emit (events.js:189:13)
    at IncomingForm._maybeEnd (/media/windows/bts/2/dev/projects/node+react/master/PHjs/PHjs/node_modules/formidable/lib/incoming_form.js:557:8)
    at QuerystringParser.parser.onEnd (/media/windows/bts/2/dev/projects/node+react/master/PHjs/PHjs/node_modules/formidable/lib/incoming_form.js:458:10)
    at QuerystringParser.end (/media/windows/bts/2/dev/projects/node+react/master/PHjs/PHjs/node_modules/formidable/lib/querystring_parser.js:25:8)
    at IncomingMessage.<anonymous> (/media/windows/bts/2/dev/projects/node+react/master/PHjs/PHjs/node_modules/formidable/lib/incoming_form.js:132:30)
2019/1/5  18:43:37 => 127.0.0.1 => POST http://127.0.0.1:8000/user/islogged.phjs CODE 500 ; Mozilla/5.0 (X11; Ubuntu; Linux x86_64; rv:64.0) Gecko/20100101 Firefox/64.0 
Execution error when process '/root/projects/node+react/backend/user/islogged.phjs' : 
TypeError: PHJS.libs.isConnect is not a function
    at Object.start (<anonymous>:8:17)
    at ProcessPage (/media/windows/bts/2/dev/projects/node+react/master/PHjs/PHjs/lib/main.js:1013:10)
    at lauchphjs (/media/windows/bts/2/dev/projects/node+react/master/PHjs/PHjs/lib/main.js:857:4)
    at /media/windows/bts/2/dev/projects/node+react/master/PHjs/PHjs/lib/main.js:301:6
    at IncomingForm.<anonymous> (/media/windows/bts/2/dev/projects/node+react/master/PHjs/PHjs/node_modules/formidable/lib/incoming_form.js:107:9)
    at IncomingForm.emit (events.js:189:13)
    at IncomingForm._maybeEnd (/media/windows/bts/2/dev/projects/node+react/master/PHjs/PHjs/node_modules/formidable/lib/incoming_form.js:557:8)
    at QuerystringParser.parser.onEnd (/media/windows/bts/2/dev/projects/node+react/master/PHjs/PHjs/node_modules/formidable/lib/incoming_form.js:458:10)
    at QuerystringParser.end (/media/windows/bts/2/dev/projects/node+react/master/PHjs/PHjs/node_modules/formidable/lib/querystring_parser.js:25:8)
    at IncomingMessage.<anonymous> (/media/windows/bts/2/dev/projects/node+react/master/PHjs/PHjs/node_modules/formidable/lib/incoming_form.js:132:30)
2019/1/5  18:44:4 => 127.0.0.1 => POST http://127.0.0.1:8000/user/islogged.phjs CODE 500 ; Mozilla/5.0 (X11; Ubuntu; Linux x86_64; rv:64.0) Gecko/20100101 Firefox/64.0 
Execution error when process '/root/projects/node+react/backend/user/islogged.phjs' : 
TypeError: PHJS.libs.isConnect is not a function
    at Object.start (<anonymous>:8:17)
    at ProcessPage (/media/windows/bts/2/dev/projects/node+react/master/PHjs/PHjs/lib/main.js:1013:10)
    at lauchphjs (/media/windows/bts/2/dev/projects/node+react/master/PHjs/PHjs/lib/main.js:857:4)
    at /media/windows/bts/2/dev/projects/node+react/master/PHjs/PHjs/lib/main.js:301:6
    at IncomingForm.<anonymous> (/media/windows/bts/2/dev/projects/node+react/master/PHjs/PHjs/node_modules/formidable/lib/incoming_form.js:107:9)
    at IncomingForm.emit (events.js:189:13)
    at IncomingForm._maybeEnd (/media/windows/bts/2/dev/projects/node+react/master/PHjs/PHjs/node_modules/formidable/lib/incoming_form.js:557:8)
    at QuerystringParser.parser.onEnd (/media/windows/bts/2/dev/projects/node+react/master/PHjs/PHjs/node_modules/formidable/lib/incoming_form.js:458:10)
    at QuerystringParser.end (/media/windows/bts/2/dev/projects/node+react/master/PHjs/PHjs/node_modules/formidable/lib/querystring_parser.js:25:8)
    at IncomingMessage.<anonymous> (/media/windows/bts/2/dev/projects/node+react/master/PHjs/PHjs/node_modules/formidable/lib/incoming_form.js:132:30)
2019/1/5  18:44:6 => 127.0.0.1 => POST http://127.0.0.1:8000/user/islogged.phjs CODE 500 ; Mozilla/5.0 (X11; Ubuntu; Linux x86_64; rv:64.0) Gecko/20100101 Firefox/64.0 
Execution error when process '/root/projects/node+react/backend/user/islogged.phjs' : 
TypeError: PHJS.libs.isConnect is not a function
    at Object.start (<anonymous>:8:17)
    at ProcessPage (/media/windows/bts/2/dev/projects/node+react/master/PHjs/PHjs/lib/main.js:1013:10)
    at lauchphjs (/media/windows/bts/2/dev/projects/node+react/master/PHjs/PHjs/lib/main.js:857:4)
    at /media/windows/bts/2/dev/projects/node+react/master/PHjs/PHjs/lib/main.js:301:6
    at IncomingForm.<anonymous> (/media/windows/bts/2/dev/projects/node+react/master/PHjs/PHjs/node_modules/formidable/lib/incoming_form.js:107:9)
    at IncomingForm.emit (events.js:189:13)
    at IncomingForm._maybeEnd (/media/windows/bts/2/dev/projects/node+react/master/PHjs/PHjs/node_modules/formidable/lib/incoming_form.js:557:8)
    at QuerystringParser.parser.onEnd (/media/windows/bts/2/dev/projects/node+react/master/PHjs/PHjs/node_modules/formidable/lib/incoming_form.js:458:10)
    at QuerystringParser.end (/media/windows/bts/2/dev/projects/node+react/master/PHjs/PHjs/node_modules/formidable/lib/querystring_parser.js:25:8)
    at IncomingMessage.<anonymous> (/media/windows/bts/2/dev/projects/node+react/master/PHjs/PHjs/node_modules/formidable/lib/incoming_form.js:132:30)
